00:03.562  blend            | Read blend: "C:\repos\Gaters\research\character-style-exploration\blender-face-proof\Derived\face-v2\face-proof.blend"
blender.exe : C:\repos\Gaters\research\character-style-exploration\blender-face-proof\sculpt_clay.py:95: DeprecationWarning: 'Material.use_nodes' is expected to be removed in Blender 6.0
At line:2 char:17
+ ... iveOutput = & 'C:\Program Files\Blender Foundation\Blender 5.2\blende ...
+                 ~~~~~~~~~~~~~~~~~~~~~~~~~~~~~~~~~~~~~~~~~~~~~~~~~~~~~~~~~
    + CategoryInfo          : NotSpecified: (C:\repos\Gaters... in Blender 6.0:String) [], RemoteException
    + FullyQualifiedErrorId : NativeCommandError
 
  result.use_nodes = True
C:\repos\Gaters\research\character-style-exploration\blender-face-proof\sculpt_clay.py:330: DeprecationWarning: 'World.use_nodes' is expected to be removed in Blender 6.0
  scene.world.use_nodes = True
00:09.500  render           | Saved: 'C:\repos\Gaters\research\character-style-exploration\blender-face-proof\Derived\search-runs\face-search-20260720-032234\round-3\23b3501262f71db6940975886bf35b4b75699e64a2fb832559da5b06e86b11c5\front.png'
00:09.906  render           | Saved: 'C:\repos\Gaters\research\character-style-exploration\blender-face-proof\Derived\search-runs\face-search-20260720-032234\round-3\23b3501262f71db6940975886bf35b4b75699e64a2fb832559da5b06e86b11c5\three-quarter.png'
00:10.328  render           | Saved: 'C:\repos\Gaters\research\character-style-exploration\blender-face-proof\Derived\search-runs\face-search-20260720-032234\round-3\23b3501262f71db6940975886bf35b4b75699e64a2fb832559da5b06e86b11c5\profile.png'
C:\repos\Gaters\research\character-style-exploration\blender-face-proof\sculpt_clay.py:363: DeprecationWarning: 'Material.use_nodes' is expected to be removed in Blender 6.0
  if material and material.use_nodes and any(
[INFO ] services.locationservice ...............: Not adding link to MakeHuman user data, since neither explicit path nor auto-discovery is set in preferences.
[INFO ] mpfb.init ..............................: Build info 20260613
[INFO ] mpfb.init ..............................: Online access preference is not enabled. Not checking if MakeHuman is online.
[INFO ] mpfb.init ..............................: MPFB initialization has finished.
Info: No new files have been packed
Info: Saved as "face-sculpt.blend"
Info: Saved as "face-sculpt.blend"
CLAY_SCULPT_OK output=C:\repos\Gaters\research\character-style-exploration\blender-face-proof\Derived\search-runs\face-search-20260720-032234\round-3\23b3501262f71db6940975886bf35b4b75699e64a2fb832559da5b06e86b11c5
Blender 5.2.0 LTS (hash fbe6228777e7 built 2026-07-14 01:35:40)

Blender quit
