00:02.609  blend            | Read blend: "C:\repos\Gaters\research\character-style-exploration\blender-face-proof\Derived\face-v2\face-proof.blend"
blender.exe : C:\repos\Gaters\research\character-style-exploration\blender-face-proof\sculpt_clay.py:95: DeprecationWarning: 'Material.use_nodes' is expected to be removed in Blender 6.0
At line:4 char:17
+ ... iveOutput = & 'C:\Program Files\Blender Foundation\Blender 5.2\blende ...
+                 ~~~~~~~~~~~~~~~~~~~~~~~~~~~~~~~~~~~~~~~~~~~~~~~~~~~~~~~~~
    + CategoryInfo          : NotSpecified: (C:\repos\Gaters... in Blender 6.0:String) [], RemoteException
    + FullyQualifiedErrorId : NativeCommandError
 
  result.use_nodes = True
C:\repos\Gaters\research\character-style-exploration\blender-face-proof\sculpt_clay.py:330: DeprecationWarning: 'World.use_nodes' is expected to be removed in Blender 6.0
  scene.world.use_nodes = True
00:08.781  render           | Saved: 'C:\repos\Gaters\research\character-style-exploration\blender-face-proof\Derived\search-runs\face-search-20260720-032234\round-4\cd4ab9d75b01d503505bb6a205f9a76d186afb32a1c7149d1e679315fcf390b4\front.png'
00:09.219  render           | Saved: 'C:\repos\Gaters\research\character-style-exploration\blender-face-proof\Derived\search-runs\face-search-20260720-032234\round-4\cd4ab9d75b01d503505bb6a205f9a76d186afb32a1c7149d1e679315fcf390b4\three-quarter.png'
00:09.625  render           | Saved: 'C:\repos\Gaters\research\character-style-exploration\blender-face-proof\Derived\search-runs\face-search-20260720-032234\round-4\cd4ab9d75b01d503505bb6a205f9a76d186afb32a1c7149d1e679315fcf390b4\profile.png'
C:\repos\Gaters\research\character-style-exploration\blender-face-proof\sculpt_clay.py:363: DeprecationWarning: 'Material.use_nodes' is expected to be removed in Blender 6.0
  if material and material.use_nodes and any(
[INFO ] services.locationservice ...............: Not adding link to MakeHuman user data, since neither explicit path nor auto-discovery is set in preferences.
[INFO ] mpfb.init ..............................: Build info 20260613
[INFO ] mpfb.init ..............................: Online access preference is not enabled. Not checking if MakeHuman is online.
[INFO ] mpfb.init ..............................: MPFB initialization has finished.
Info: No new files have been packed
Info: Saved as "face-sculpt.blend"
Info: Saved as "face-sculpt.blend"
CLAY_SCULPT_OK output=C:\repos\Gaters\research\character-style-exploration\blender-face-proof\Derived\search-runs\face-search-20260720-032234\round-4\cd4ab9d75b01d503505bb6a205f9a76d186afb32a1c7149d1e679315fcf390b4
Blender 5.2.0 LTS (hash fbe6228777e7 built 2026-07-14 01:35:40)

Blender quit
